<?xml version="1.0" encoding="UTF-8"?>
<coverage generated="1492378833">
  <project timestamp="1492378833">
    <package name="LSS\YAContainer">
      <file name="/Users/stevep/Documents/lss/projects/YAContainer/src/Container.php">
        <class name="Container" namespace="LSS\YAContainer">
          <metrics complexity="16" methods="6" coveredmethods="2" conditionals="0" coveredconditionals="0" statements="38" coveredstatements="33" elements="44" coveredelements="35"/>
        </class>
        <line num="41" type="method" name="__construct" visibility="public" complexity="1" crap="1" count="10"/>
        <line num="43" type="stmt" count="10"/>
        <line num="44" type="stmt" count="10"/>
        <line num="56" type="method" name="get" visibility="public" complexity="4" crap="4.02" count="10"/>
        <line num="58" type="stmt" count="10"/>
        <line num="60" type="stmt" count="3"/>
        <line num="62" type="stmt" count="10"/>
        <line num="63" type="stmt" count="0"/>
        <line num="67" type="stmt" count="10"/>
        <line num="68" type="stmt" count="5"/>
        <line num="70" type="stmt" count="10"/>
        <line num="72" type="stmt" count="10"/>
        <line num="74" type="stmt" count="3"/>
        <line num="75" type="stmt" count="3"/>
        <line num="89" type="method" name="has" visibility="public" complexity="1" crap="2" count="0"/>
        <line num="92" type="stmt" count="0"/>
        <line num="103" type="method" name="addAlias" visibility="public" complexity="1" crap="1" count="7"/>
        <line num="105" type="stmt" count="7"/>
        <line num="106" type="stmt" count="7"/>
        <line num="107" type="stmt" count="7"/>
        <line num="115" type="method" name="makeClass" visibility="private" complexity="5" crap="5.09" count="10"/>
        <line num="118" type="stmt" count="10"/>
        <line num="119" type="stmt" count="10"/>
        <line num="121" type="stmt" count="1"/>
        <line num="124" type="stmt" count="9"/>
        <line num="125" type="stmt" count="9"/>
        <line num="127" type="stmt" count="3"/>
        <line num="129" type="stmt" count="8"/>
        <line num="130" type="stmt" count="0"/>
        <line num="131" type="stmt" count="0"/>
        <line num="134" type="stmt" count="8"/>
        <line num="135" type="stmt" count="2"/>
        <line num="137" type="stmt" count="7"/>
        <line num="138" type="stmt" count="1"/>
        <line num="148" type="method" name="collectArguments" visibility="private" complexity="4" crap="4.02" count="8"/>
        <line num="150" type="stmt" count="8"/>
        <line num="151" type="stmt" count="8"/>
        <line num="153" type="stmt" count="8"/>
        <line num="155" type="stmt" count="0"/>
        <line num="157" type="stmt" count="8"/>
        <line num="158" type="stmt" count="8"/>
        <line num="161" type="stmt" count="8"/>
        <line num="162" type="stmt" count="7"/>
        <line num="164" type="stmt" count="2"/>
        <metrics loc="165" ncloc="92" classes="1" methods="6" coveredmethods="2" conditionals="0" coveredconditionals="0" statements="38" coveredstatements="33" elements="44" coveredelements="35"/>
      </file>
      <file name="/Users/stevep/Documents/lss/projects/YAContainer/src/ContainerException.php">
        <class name="ContainerException" namespace="LSS\YAContainer">
          <metrics complexity="1" methods="1" coveredmethods="1" conditionals="0" coveredconditionals="0" statements="4" coveredstatements="4" elements="5" coveredelements="5"/>
        </class>
        <line num="10" type="method" name="__construct" visibility="public" complexity="1" crap="1" count="7"/>
        <line num="12" type="stmt" count="7"/>
        <line num="13" type="stmt" count="7"/>
        <line num="15" type="stmt" count="7"/>
        <line num="16" type="stmt" count="7"/>
        <metrics loc="16" ncloc="16" classes="1" methods="1" coveredmethods="1" conditionals="0" coveredconditionals="0" statements="4" coveredstatements="4" elements="5" coveredelements="5"/>
      </file>
      <file name="/Users/stevep/Documents/lss/projects/YAContainer/src/NotFoundException.php">
        <class name="NotFoundException" namespace="LSS\YAContainer">
          <metrics complexity="0" methods="0" coveredmethods="0" conditionals="0" coveredconditionals="0" statements="0" coveredstatements="0" elements="0" coveredelements="0"/>
        </class>
        <metrics loc="8" ncloc="8" classes="0" methods="0" coveredmethods="0" conditionals="0" coveredconditionals="0" statements="0" coveredstatements="0" elements="0" coveredelements="0"/>
      </file>
    </package>
    <package name="LSS\YAContainer\Reflection">
      <file name="/Users/stevep/Documents/lss/projects/YAContainer/src/Reflection/CachedReflection.php">
        <class name="CachedReflection" namespace="LSS\YAContainer\Reflection">
          <metrics complexity="1" methods="1" coveredmethods="0" conditionals="0" coveredconditionals="0" statements="4" coveredstatements="0" elements="5" coveredelements="0"/>
        </class>
        <line num="25" type="method" name="__construct" visibility="public" complexity="1" crap="2" count="0"/>
        <line num="26" type="stmt" count="0"/>
        <line num="27" type="stmt" count="0"/>
        <line num="28" type="stmt" count="0"/>
        <line num="29" type="stmt" count="0"/>
        <metrics loc="29" ncloc="18" classes="1" methods="1" coveredmethods="0" conditionals="0" coveredconditionals="0" statements="4" coveredstatements="0" elements="5" coveredelements="0"/>
      </file>
      <file name="/Users/stevep/Documents/lss/projects/YAContainer/src/Reflection/StandardReflection.php">
        <class name="StandardReflection" namespace="LSS\YAContainer\Reflection">
          <metrics complexity="2" methods="2" coveredmethods="2" conditionals="0" coveredconditionals="0" statements="2" coveredstatements="2" elements="4" coveredelements="4"/>
        </class>
        <line num="10" type="method" name="getClassInfo" visibility="public" complexity="1" crap="1" count="10"/>
        <line num="12" type="stmt" count="10"/>
        <line num="19" type="method" name="getConstructorInfo" visibility="public" complexity="1" crap="1" count="9"/>
        <line num="21" type="stmt" count="9"/>
        <metrics loc="22" ncloc="18" classes="1" methods="2" coveredmethods="2" conditionals="0" coveredconditionals="0" statements="2" coveredstatements="2" elements="4" coveredelements="4"/>
      </file>
    </package>
    <file name="/Users/stevep/Documents/lss/projects/YAContainer/src/Reflection/ReflectionInterface.php">
      <metrics loc="21" ncloc="13" classes="0" methods="0" coveredmethods="0" conditionals="0" coveredconditionals="0" statements="0" coveredstatements="0" elements="0" coveredelements="0"/>
    </file>
    <metrics files="6" loc="261" ncloc="165" classes="4" methods="10" coveredmethods="5" conditionals="0" coveredconditionals="0" statements="48" coveredstatements="39" elements="58" coveredelements="44"/>
  </project>
</coverage>
